<?xml version="1.0" encoding="UTF-8"?>
<robot generator="Robot 4.1.3 (Python 3.10.5 on win32)" generated="20220623 01:26:16.863" rpa="false" schemaversion="2">
<suite id="s1" name="Robot Interactive Console" source="c:\Users\Carine\.vscode\extensions\robocorp.robotframework-lsp-0.48.2\src\robotframework_ls\vendored\robotframework_interactive\robot_interactive_console.robot">
<test id="s1-t1" name="Default Task/Test">
<kw name="Interpreter Main Loop" library="MainLoop">
<kw name="Check title of registration page Área do Cliente - Bemol">
<msg timestamp="20220623 01:26:18.605" level="FAIL">No keyword with name 'Check title of registration page Área do Cliente - Bemol' found.</msg>
<status status="FAIL" starttime="20220623 01:26:18.604" endtime="20220623 01:26:18.605"/>
</kw>
<kw name="Enter the user's personal data">
<status status="NOT RUN" starttime="20220623 01:26:18.614" endtime="20220623 01:26:18.614"/>
</kw>
<status status="PASS" starttime="20220623 01:26:16.902" endtime="20220623 01:26:26.620"/>
</kw>
<status status="PASS" starttime="20220623 01:26:16.901" endtime="20220623 01:26:26.620"/>
</test>
<status status="PASS" starttime="20220623 01:26:16.867" endtime="20220623 01:26:26.623"/>
</suite>
<statistics>
<total>
<stat pass="1" fail="0" skip="0">All Tests</stat>
</total>
<tag>
</tag>
<suite>
<stat pass="1" fail="0" skip="0" id="s1" name="Robot Interactive Console">Robot Interactive Console</stat>
</suite>
</statistics>
<errors>
</errors>
</robot>
