<?xml version="1.0" encoding="UTF-8"?>
<robot generator="Robot 4.1.3 (Python 3.10.5 on win32)" generated="20220623 01:18:22.138" rpa="false" schemaversion="2">
<suite id="s1" name="TestBemol" source="C:\Robot_Framework\TestBemol_QA\TestBemol.robot">
<test id="s1-t1" name="Test Case 01: Access Site bemol">
<kw name="Access Home page" library="ResourceTestBemol">
<kw name="Open Browser" library="SeleniumLibrary">
<arg>${URL}</arg>
<arg>${BROWSER}</arg>
<doc>Opens a new browser instance to the optional ``url``.</doc>
<msg timestamp="20220623 01:18:22.482" level="INFO">Opening browser 'chrome' to base url 'https://www.bemol.com.br/'.</msg>
<status status="PASS" starttime="20220623 01:18:22.481" endtime="20220623 01:18:34.787"/>
</kw>
<kw name="Maximize Browser Window" library="SeleniumLibrary">
<doc>Maximizes current browser window.</doc>
<status status="PASS" starttime="20220623 01:18:34.787" endtime="20220623 01:18:35.279"/>
</kw>
<status status="PASS" starttime="20220623 01:18:22.481" endtime="20220623 01:18:35.279"/>
</kw>
<kw name="Check page title Bemol | Escolha com Confiança" library="ResourceTestBemol" sourcename="Check page title ${TITULO}">
<kw name="Title Should Be" library="SeleniumLibrary">
<arg>${TITULO}</arg>
<doc>Verifies that the current page title equals ``title``.</doc>
<msg timestamp="20220623 01:18:35.471" level="INFO">Page title is 'Bemol | Escolha com Confiança'.</msg>
<status status="PASS" starttime="20220623 01:18:35.281" endtime="20220623 01:18:35.471"/>
</kw>
<status status="PASS" starttime="20220623 01:18:35.280" endtime="20220623 01:18:35.472"/>
</kw>
<status status="PASS" starttime="20220623 01:18:22.480" endtime="20220623 01:18:35.473"/>
</test>
<status status="PASS" starttime="20220623 01:18:22.141" endtime="20220623 01:18:35.476"/>
</suite>
<statistics>
<total>
<stat pass="1" fail="0" skip="0">All Tests</stat>
</total>
<tag>
</tag>
<suite>
<stat pass="1" fail="0" skip="0" id="s1" name="TestBemol">TestBemol</stat>
</suite>
</statistics>
<errors>
</errors>
</robot>
