<?xml version="1.0" encoding="UTF-8"?>
<robot generator="Robot 4.1.3 (Python 3.10.5 on win32)" generated="20220623 01:43:05.995" rpa="false" schemaversion="2">
<suite id="s1" name="TestBemol" source="C:\Robot_Framework\TestBemol_QA\TestBemol.robot">
<test id="s1-t1" name="Test Case 01: Access Site bemol">
<kw name="Access Home page" library="ResourceTestBemol">
<kw name="Open Browser" library="SeleniumLibrary">
<arg>${URL}</arg>
<arg>${BROWSER}</arg>
<doc>Opens a new browser instance to the optional ``url``.</doc>
<msg timestamp="20220623 01:43:06.388" level="INFO">Opening browser 'chrome' to base url 'https://www.bemol.com.br/'.</msg>
<status status="PASS" starttime="20220623 01:43:06.388" endtime="20220623 01:43:16.012"/>
</kw>
<kw name="Maximize Browser Window" library="SeleniumLibrary">
<doc>Maximizes current browser window.</doc>
<status status="PASS" starttime="20220623 01:43:16.012" endtime="20220623 01:43:17.053"/>
</kw>
<status status="PASS" starttime="20220623 01:43:06.387" endtime="20220623 01:43:17.054"/>
</kw>
<kw name="Check page title Bemol | Escolha com Confiança" library="ResourceTestBemol" sourcename="Check page title ${TITULO}">
<kw name="Title Should Be" library="SeleniumLibrary">
<arg>${TITULO}</arg>
<doc>Verifies that the current page title equals ``title``.</doc>
<msg timestamp="20220623 01:43:17.128" level="INFO">Page title is 'Bemol | Escolha com Confiança'.</msg>
<status status="PASS" starttime="20220623 01:43:17.056" endtime="20220623 01:43:17.128"/>
</kw>
<status status="PASS" starttime="20220623 01:43:17.055" endtime="20220623 01:43:17.128"/>
</kw>
<status status="PASS" starttime="20220623 01:43:06.385" endtime="20220623 01:43:17.129"/>
</test>
<test id="s1-t2" name="Test Case 02: Go to create account page">
<kw name="Acess page Login" library="ResourceTestBemol">
<kw name="Click Element" library="SeleniumLibrary">
<arg>${BUTTON_LOGIN}</arg>
<doc>Click the element identified by ``locator``.</doc>
<msg timestamp="20220623 01:43:17.135" level="INFO">Clicking element 'xpath://*[@id="profile-orders-2"]/div[1]/a'.</msg>
<status status="PASS" starttime="20220623 01:43:17.134" endtime="20220623 01:43:20.509"/>
</kw>
<status status="PASS" starttime="20220623 01:43:17.133" endtime="20220623 01:43:20.509"/>
</kw>
<kw name="Check login page title Login - Bemol" library="ResourceTestBemol" sourcename="Check login page title ${TITULO1}">
<kw name="Check page title ${TITULO1}" library="ResourceTestBemol" sourcename="Check page title ${TITULO}">
<kw name="Title Should Be" library="SeleniumLibrary">
<arg>${TITULO}</arg>
<doc>Verifies that the current page title equals ``title``.</doc>
<msg timestamp="20220623 01:43:20.628" level="INFO">Page title is 'Login - Bemol'.</msg>
<status status="PASS" starttime="20220623 01:43:20.512" endtime="20220623 01:43:20.628"/>
</kw>
<status status="PASS" starttime="20220623 01:43:20.511" endtime="20220623 01:43:20.629"/>
</kw>
<status status="PASS" starttime="20220623 01:43:20.510" endtime="20220623 01:43:20.629"/>
</kw>
<kw name="Click on Faça cadastro" library="ResourceTestBemol">
<kw name="Click Element" library="SeleniumLibrary">
<arg>${BUTTON_REGISTER}</arg>
<doc>Click the element identified by ``locator``.</doc>
<msg timestamp="20220623 01:43:20.632" level="INFO">Clicking element 'xpath://*[@id="criarconta"]/div/div/div'.</msg>
<status status="PASS" starttime="20220623 01:43:20.631" endtime="20220623 01:43:23.262"/>
</kw>
<status status="PASS" starttime="20220623 01:43:20.631" endtime="20220623 01:43:23.263"/>
</kw>
<status status="PASS" starttime="20220623 01:43:17.132" endtime="20220623 01:43:23.267"/>
</test>
<test id="s1-t3" name="Test Case 03: Fill in the registration fields - Dados Pessoais">
<kw name="Check title of registration page Área do Cliente - Bemol" library="ResourceTestBemol" sourcename="Check title of registration page ${TITULO2}">
<kw name="Title Should Be" library="SeleniumLibrary">
<arg>${TITULO2}</arg>
<doc>Verifies that the current page title equals ``title``.</doc>
<msg timestamp="20220623 01:43:23.289" level="INFO">Page title is 'Área do Cliente - Bemol'.</msg>
<status status="PASS" starttime="20220623 01:43:23.274" endtime="20220623 01:43:23.289"/>
</kw>
<status status="PASS" starttime="20220623 01:43:23.273" endtime="20220623 01:43:23.289"/>
</kw>
<kw name="Enter the user's personal data" library="ResourceTestBemol">
<kw name="Input Text" library="SeleniumLibrary">
<arg>${FIELD_NAME}</arg>
<arg>${TEXT_NAME}</arg>
<doc>Types the given ``text`` into the text field identified by ``locator``.</doc>
<msg timestamp="20220623 01:43:23.291" level="INFO">Typing text 'Valentina Sophia Gomes' into text field 'xpath://*[@id="AddOrSetCustomer-Name"]'.</msg>
<status status="PASS" starttime="20220623 01:43:23.290" endtime="20220623 01:43:23.910"/>
</kw>
<kw name="Input Text" library="SeleniumLibrary">
<arg>${FIELD_BIRTH_DATE}</arg>
<arg>${TEXT_BIRTH_DATE}</arg>
<doc>Types the given ``text`` into the text field identified by ``locator``.</doc>
<msg timestamp="20220623 01:43:23.911" level="INFO">Typing text '17011997' into text field 'xpath://*[@id="AddOrSetCustomer-BirthDate"]'.</msg>
<status status="PASS" starttime="20220623 01:43:23.910" endtime="20220623 01:43:24.070"/>
</kw>
<kw name="Click Element" library="SeleniumLibrary">
<arg>${SELECT_GENRE}</arg>
<doc>Click the element identified by ``locator``.</doc>
<msg timestamp="20220623 01:43:24.071" level="INFO">Clicking element 'id:AddOrSetCustomer-Gender'.</msg>
<status status="PASS" starttime="20220623 01:43:24.070" endtime="20220623 01:43:24.433"/>
</kw>
<kw name="Wait Until Element Is Visible" library="SeleniumLibrary">
<arg>${SELECT_GENRE}</arg>
<arg>5S</arg>
<doc>Waits until the element ``locator`` is visible.</doc>
<status status="PASS" starttime="20220623 01:43:24.434" endtime="20220623 01:43:24.549"/>
</kw>
<kw name="Select From List By Value" library="SeleniumLibrary">
<arg>${SELECT_GENRE}</arg>
<arg>F</arg>
<doc>Selects options from selection list ``locator`` by ``values``.</doc>
<msg timestamp="20220623 01:43:24.550" level="INFO">Selecting options from selection list 'id:AddOrSetCustomer-Gender' by value F.</msg>
<status status="PASS" starttime="20220623 01:43:24.549" endtime="20220623 01:43:24.929"/>
</kw>
<kw name="List Selection Should Be" library="SeleniumLibrary">
<arg>${SELECT_GENRE}</arg>
<arg>F</arg>
<doc>Verifies selection list ``locator`` has ``expected`` options selected.</doc>
<msg timestamp="20220623 01:43:24.930" level="INFO">Verifying list 'id:AddOrSetCustomer-Gender' has option [ F ] selected.</msg>
<msg timestamp="20220623 01:43:24.987" level="INFO">Current page contains list 'id:AddOrSetCustomer-Gender'.</msg>
<status status="PASS" starttime="20220623 01:43:24.929" endtime="20220623 01:43:25.466"/>
</kw>
<kw name="Input Text" library="SeleniumLibrary">
<arg>${FIELD_CPF}</arg>
<arg>${TEXT_CPF}</arg>
<doc>Types the given ``text`` into the text field identified by ``locator``.</doc>
<msg timestamp="20220623 01:43:25.467" level="INFO">Typing text '25009421208' into text field 'xpath://*[@id="AddOrSetCustomer-Cpf"]'.</msg>
<status status="PASS" starttime="20220623 01:43:25.467" endtime="20220623 01:43:25.911"/>
</kw>
<status status="PASS" starttime="20220623 01:43:23.289" endtime="20220623 01:43:25.911"/>
</kw>
<status status="PASS" starttime="20220623 01:43:23.271" endtime="20220623 01:43:25.912"/>
</test>
<test id="s1-t4" name="Test Case 04: Fill in the registration fields - Dados de entrega">
<kw name="Check if the page has Dados de entrega" library="ResourceTestBemol">
<kw name="Page Should Contain Element" library="SeleniumLibrary">
<arg>${TITLE3_DELIVERY_DATA}</arg>
<doc>Verifies that element ``locator`` is found on the current page.</doc>
<msg timestamp="20220623 01:43:25.954" level="INFO">Current page contains element 'xpath://*[@id="content-wrapper"]/div[1]/div/div/div/div/div[2]/form/div[2]/div'.</msg>
<status status="PASS" starttime="20220623 01:43:25.916" endtime="20220623 01:43:25.954"/>
</kw>
<status status="PASS" starttime="20220623 01:43:25.915" endtime="20220623 01:43:25.954"/>
</kw>
<kw name="Fill in user delivery data" library="ResourceTestBemol">
<kw name="Input Text" library="SeleniumLibrary">
<arg>${FIELD_IDENTIFICATION}</arg>
<arg>${TEXT_IDENTIFICATION}</arg>
<doc>Types the given ``text`` into the text field identified by ``locator``.</doc>
<msg timestamp="20220623 01:43:25.956" level="INFO">Typing text 'casa' into text field 'xpath://*[@id="AddOrSetAddress-0-Name"]'.</msg>
<status status="PASS" starttime="20220623 01:43:25.955" endtime="20220623 01:43:26.403"/>
</kw>
<kw name="Input Text" library="SeleniumLibrary">
<arg>${FIELD_CEP}</arg>
<arg>${TEXT_CEP}</arg>
<doc>Types the given ``text`` into the text field identified by ``locator``.</doc>
<msg timestamp="20220623 01:43:26.404" level="INFO">Typing text '69093067' into text field 'id:AddOrSetAddress-0-PostalCode'.</msg>
<status status="PASS" starttime="20220623 01:43:26.403" endtime="20220623 01:43:26.986"/>
</kw>
<kw name="Double Click Element" library="SeleniumLibrary">
<arg>${FIELD_ADDRESS}</arg>
<doc>Double clicks the element identified by ``locator``.</doc>
<msg timestamp="20220623 01:43:26.987" level="INFO">Double clicking element 'id:AddOrSetAddress-0-AddressLine'.</msg>
<status status="PASS" starttime="20220623 01:43:26.987" endtime="20220623 01:43:27.434"/>
</kw>
<kw name="Input Text" library="SeleniumLibrary">
<arg>${FIELD_NUMBER}</arg>
<arg>${TEXT_NUMBER}</arg>
<doc>Types the given ``text`` into the text field identified by ``locator``.</doc>
<msg timestamp="20220623 01:43:27.434" level="INFO">Typing text '05' into text field 'id:AddOrSetAddress-0-Number'.</msg>
<status status="PASS" starttime="20220623 01:43:27.434" endtime="20220623 01:43:27.573"/>
</kw>
<kw name="Input Text" library="SeleniumLibrary">
<arg>${FIELD_COMPLEMENT}</arg>
<arg>${TEXT_COMPLEMENT}</arg>
<doc>Types the given ``text`` into the text field identified by ``locator``.</doc>
<msg timestamp="20220623 01:43:27.573" level="INFO">Typing text 'Proximo a rua Flores' into text field 'id:AddOrSetAddress-0-AddressNotes'.</msg>
<status status="PASS" starttime="20220623 01:43:27.573" endtime="20220623 01:43:27.752"/>
</kw>
<kw name="Input Text" library="SeleniumLibrary">
<arg>${FIELD_REFERENCE}</arg>
<arg>${TEXT_REFERENCE}</arg>
<doc>Types the given ``text`` into the text field identified by ``locator``.</doc>
<msg timestamp="20220623 01:43:27.753" level="INFO">Typing text 'Mercado Vidal' into text field 'id:AddOrSetAddress-0-Landmark'.</msg>
<status status="PASS" starttime="20220623 01:43:27.752" endtime="20220623 01:43:27.915"/>
</kw>
<status status="PASS" starttime="20220623 01:43:25.955" endtime="20220623 01:43:27.915"/>
</kw>
<status status="PASS" starttime="20220623 01:43:25.914" endtime="20220623 01:43:27.916"/>
</test>
<test id="s1-t5" name="Test Case 05: Fill in the registration fields - Dados de contato">
<kw name="Check if the page has Dados de contato" library="ResourceTestBemol">
<kw name="Page Should Contain Element" library="SeleniumLibrary">
<arg>${TITLE4_CONTACT_DETAILS}</arg>
<doc>Verifies that element ``locator`` is found on the current page.</doc>
<msg timestamp="20220623 01:43:27.937" level="INFO">Current page contains element 'xpath://*[@id="content-wrapper"]/div[1]/div/div/div/div/div[2]/form/div[3]/div'.</msg>
<status status="PASS" starttime="20220623 01:43:27.920" endtime="20220623 01:43:27.938"/>
</kw>
<status status="PASS" starttime="20220623 01:43:27.919" endtime="20220623 01:43:27.938"/>
</kw>
<kw name="Fill in the user's contact details" library="ResourceTestBemol">
<kw name="Input Text" library="SeleniumLibrary">
<arg>${FIELD_CELL}</arg>
<arg>${TEXT_CELL}</arg>
<doc>Types the given ``text`` into the text field identified by ``locator``.</doc>
<msg timestamp="20220623 01:43:27.939" level="INFO">Typing text '92993949212' into text field 'id:AddOrSetCustomer-Contact-CellPhone'.</msg>
<status status="PASS" starttime="20220623 01:43:27.939" endtime="20220623 01:43:28.072"/>
</kw>
<status status="PASS" starttime="20220623 01:43:27.938" endtime="20220623 01:43:28.072"/>
</kw>
<status status="PASS" starttime="20220623 01:43:27.918" endtime="20220623 01:43:28.073"/>
</test>
<test id="s1-t6" name="Test Case 06: Fill in the registration fields - Dados da conta">
<kw name="Check if the page has Dados da conta" library="ResourceTestBemol">
<kw name="Page Should Contain Element" library="SeleniumLibrary">
<arg>${TILE5_CONTACT_DETAILS}</arg>
<doc>Verifies that element ``locator`` is found on the current page.</doc>
<msg timestamp="20220623 01:43:28.095" level="INFO">Current page contains element 'xpath://*[@id="content-wrapper"]/div[1]/div/div/div/div/div[2]/form/div[4]/div'.</msg>
<status status="PASS" starttime="20220623 01:43:28.077" endtime="20220623 01:43:28.095"/>
</kw>
<status status="PASS" starttime="20220623 01:43:28.076" endtime="20220623 01:43:28.096"/>
</kw>
<kw name="Fill in user account details" library="ResourceTestBemol">
<kw name="Input Text" library="SeleniumLibrary">
<arg>${FIELD_EMAIL}</arg>
<arg>${TEXT_EMAIL}</arg>
<doc>Types the given ``text`` into the text field identified by ``locator``.</doc>
<msg timestamp="20220623 01:43:28.097" level="INFO">Typing text 'valentina_sophia_gomes@soupelli.com.br' into text field 'id:AddOrSetCustomer-Email'.</msg>
<status status="PASS" starttime="20220623 01:43:28.096" endtime="20220623 01:43:28.338"/>
</kw>
<kw name="Input Password" library="SeleniumLibrary">
<arg>${FIELD_PASSWORD}</arg>
<arg>${TEXT_PASSWORD}</arg>
<doc>Types the given password into the text field identified by ``locator``.</doc>
<msg timestamp="20220623 01:43:28.338" level="INFO">Typing password into text field 'id:AddOrSetCustomer-Password'.</msg>
<msg timestamp="20220623 01:43:28.373" level="INFO">Temporally setting log level to: NONE</msg>
<msg timestamp="20220623 01:43:28.485" level="INFO">Log level changed from NONE to INFO.</msg>
<status status="PASS" starttime="20220623 01:43:28.338" endtime="20220623 01:43:28.485"/>
</kw>
<kw name="Input Password" library="SeleniumLibrary">
<arg>${REPEAT_TEXT_PASSWORD}</arg>
<arg>${TEXT_PASSWORD}</arg>
<doc>Types the given password into the text field identified by ``locator``.</doc>
<msg timestamp="20220623 01:43:28.485" level="INFO">Typing password into text field 'id:AddOrSetCustomer-Password-check'.</msg>
<msg timestamp="20220623 01:43:28.522" level="INFO">Temporally setting log level to: NONE</msg>
<msg timestamp="20220623 01:43:28.628" level="INFO">Log level changed from NONE to INFO.</msg>
<status status="PASS" starttime="20220623 01:43:28.485" endtime="20220623 01:43:28.628"/>
</kw>
<status status="PASS" starttime="20220623 01:43:28.096" endtime="20220623 01:43:28.628"/>
</kw>
<kw name="Click on register button" library="ResourceTestBemol">
<kw name="Click Element" library="SeleniumLibrary">
<arg>${BUTTON_REGISTER2}</arg>
<doc>Click the element identified by ``locator``.</doc>
<msg timestamp="20220623 01:43:28.630" level="INFO">Clicking element 'css:.bt-submit'.</msg>
<status status="PASS" starttime="20220623 01:43:28.630" endtime="20220623 01:43:28.808"/>
</kw>
<status status="PASS" starttime="20220623 01:43:28.629" endtime="20220623 01:43:28.809"/>
</kw>
<kw name="Check registration confirmation message" library="ResourceTestBemol">
<kw name="Wait Until Page Contains Element" library="SeleniumLibrary">
<arg>${TITLE6_MESSAGE_REGIS}</arg>
<doc>Waits until the element ``locator`` appears on the current page.</doc>
<status status="PASS" starttime="20220623 01:43:28.810" endtime="20220623 01:43:28.828"/>
</kw>
<status status="PASS" starttime="20220623 01:43:28.810" endtime="20220623 01:43:28.829"/>
</kw>
<kw name="Close site" library="ResourceTestBemol">
<kw name="Close Browser" library="SeleniumLibrary">
<doc>Closes the current browser.</doc>
<status status="PASS" starttime="20220623 01:43:28.830" endtime="20220623 01:43:31.494"/>
</kw>
<status status="PASS" starttime="20220623 01:43:28.829" endtime="20220623 01:43:31.494"/>
</kw>
<status status="PASS" starttime="20220623 01:43:28.075" endtime="20220623 01:43:31.494"/>
</test>
<status status="PASS" starttime="20220623 01:43:05.995" endtime="20220623 01:43:31.500"/>
</suite>
<statistics>
<total>
<stat pass="6" fail="0" skip="0">All Tests</stat>
</total>
<tag>
</tag>
<suite>
<stat pass="6" fail="0" skip="0" id="s1" name="TestBemol">TestBemol</stat>
</suite>
</statistics>
<errors>
</errors>
</robot>
