<?xml version="1.0" encoding="UTF-8"?>
<robot generator="Robot 4.1.3 (Python 3.10.5 on win32)" generated="20220623 01:20:52.758" rpa="false" schemaversion="2">
<suite id="s1" name="TestBemol" source="C:\Robot_Framework\TestBemol_QA\TestBemol.robot">
<test id="s1-t1" name="Test Case 01: Access Site bemol">
<kw name="Access Home page" library="ResourceTestBemol">
<kw name="Open Browser" library="SeleniumLibrary">
<arg>${URL}</arg>
<arg>${BROWSER}</arg>
<doc>Opens a new browser instance to the optional ``url``.</doc>
<msg timestamp="20220623 01:20:53.115" level="INFO">Opening browser 'chrome' to base url 'https://www.bemol.com.br/'.</msg>
<status status="PASS" starttime="20220623 01:20:53.115" endtime="20220623 01:21:06.652"/>
</kw>
<kw name="Maximize Browser Window" library="SeleniumLibrary">
<doc>Maximizes current browser window.</doc>
<status status="PASS" starttime="20220623 01:21:06.652" endtime="20220623 01:21:07.150"/>
</kw>
<status status="PASS" starttime="20220623 01:20:53.114" endtime="20220623 01:21:07.151"/>
</kw>
<kw name="Check page title Bemol | Escolha com Confiança" library="ResourceTestBemol" sourcename="Check page title ${TITULO}">
<kw name="Title Should Be" library="SeleniumLibrary">
<arg>${TITULO}</arg>
<doc>Verifies that the current page title equals ``title``.</doc>
<msg timestamp="20220623 01:21:07.385" level="INFO">Page title is 'Bemol | Escolha com Confiança'.</msg>
<status status="PASS" starttime="20220623 01:21:07.155" endtime="20220623 01:21:07.386"/>
</kw>
<status status="PASS" starttime="20220623 01:21:07.154" endtime="20220623 01:21:07.386"/>
</kw>
<status status="PASS" starttime="20220623 01:20:53.113" endtime="20220623 01:21:07.387"/>
</test>
<test id="s1-t2" name="Test Case 02: Go to create account page">
<kw name="Acess page Login" library="ResourceTestBemol">
<kw name="Click Element" library="SeleniumLibrary">
<arg>${BUTTON_LOGIN}</arg>
<doc>Click the element identified by ``locator``.</doc>
<msg timestamp="20220623 01:21:07.396" level="INFO">Clicking element 'xpath://*[@id="profile-orders-2"]/div[1]/a'.</msg>
<status status="PASS" starttime="20220623 01:21:07.395" endtime="20220623 01:21:11.329"/>
</kw>
<status status="PASS" starttime="20220623 01:21:07.395" endtime="20220623 01:21:11.329"/>
</kw>
<kw name="Check login page title Login - Bemol" library="ResourceTestBemol" sourcename="Check login page title ${TITULO1}">
<kw name="Check page title ${TITULO1}" library="ResourceTestBemol" sourcename="Check page title ${TITULO}">
<kw name="Title Should Be" library="SeleniumLibrary">
<arg>${TITULO}</arg>
<doc>Verifies that the current page title equals ``title``.</doc>
<msg timestamp="20220623 01:21:11.394" level="INFO">Page title is 'Login - Bemol'.</msg>
<status status="PASS" starttime="20220623 01:21:11.331" endtime="20220623 01:21:11.394"/>
</kw>
<status status="PASS" starttime="20220623 01:21:11.330" endtime="20220623 01:21:11.395"/>
</kw>
<status status="PASS" starttime="20220623 01:21:11.330" endtime="20220623 01:21:11.395"/>
</kw>
<kw name="Click on Faça cadastro" library="ResourceTestBemol">
<kw name="Click Element" library="SeleniumLibrary">
<arg>${BUTTON_REGISTER}</arg>
<doc>Click the element identified by ``locator``.</doc>
<msg timestamp="20220623 01:21:11.398" level="INFO">Clicking element 'xpath://*[@id="criarconta"]/div/div/div'.</msg>
<status status="PASS" starttime="20220623 01:21:11.397" endtime="20220623 01:21:13.448"/>
</kw>
<status status="PASS" starttime="20220623 01:21:11.396" endtime="20220623 01:21:13.448"/>
</kw>
<status status="PASS" starttime="20220623 01:21:07.393" endtime="20220623 01:21:13.449"/>
</test>
<status status="PASS" starttime="20220623 01:20:52.761" endtime="20220623 01:21:13.452"/>
</suite>
<statistics>
<total>
<stat pass="2" fail="0" skip="0">All Tests</stat>
</total>
<tag>
</tag>
<suite>
<stat pass="2" fail="0" skip="0" id="s1" name="TestBemol">TestBemol</stat>
</suite>
</statistics>
<errors>
</errors>
</robot>
