<?xml version="1.0" encoding="UTF-8"?>
<robot generator="Robot 4.1.3 (Python 3.10.5 on win32)" generated="20220623 12:19:52.183" rpa="false" schemaversion="2">
<suite id="s1" name="TestBemol" source="C:\Robot_Framework\TestBemol_QA\TestBemol.robot">
<test id="s1-t1" name="Test Case 01: Access Site bemol">
<kw name="Access Home page" library="ResourceTestBemol">
<kw name="Open Browser" library="SeleniumLibrary">
<arg>${URL}</arg>
<arg>${BROWSER}</arg>
<doc>Opens a new browser instance to the optional ``url``.</doc>
<msg timestamp="20220623 12:19:52.615" level="INFO">Opening browser 'chrome' to base url 'https://www.bemol.com.br/'.</msg>
<status status="PASS" starttime="20220623 12:19:52.614" endtime="20220623 12:20:04.642"/>
</kw>
<kw name="Maximize Browser Window" library="SeleniumLibrary">
<doc>Maximizes current browser window.</doc>
<status status="PASS" starttime="20220623 12:20:04.643" endtime="20220623 12:20:05.093"/>
</kw>
<status status="PASS" starttime="20220623 12:19:52.613" endtime="20220623 12:20:05.093"/>
</kw>
<kw name="Check page title Bemol | Escolha com Confiança" library="ResourceTestBemol" sourcename="Check page title ${TITULO}">
<kw name="Title Should Be" library="SeleniumLibrary">
<arg>${TITULO}</arg>
<doc>Verifies that the current page title equals ``title``.</doc>
<msg timestamp="20220623 12:20:06.298" level="INFO">Page title is 'Bemol | Escolha com Confiança'.</msg>
<status status="PASS" starttime="20220623 12:20:05.102" endtime="20220623 12:20:06.298"/>
</kw>
<status status="PASS" starttime="20220623 12:20:05.101" endtime="20220623 12:20:06.298"/>
</kw>
<status status="PASS" starttime="20220623 12:19:52.612" endtime="20220623 12:20:06.299"/>
</test>
<test id="s1-t2" name="Test Case 02: Go to create account page">
<kw name="Acess page Login" library="ResourceTestBemol">
<kw name="Click Element" library="SeleniumLibrary">
<arg>${BUTTON_LOGIN}</arg>
<doc>Click the element identified by ``locator``.</doc>
<msg timestamp="20220623 12:20:06.303" level="INFO">Clicking element 'xpath://*[@id="profile-orders-2"]/div[1]/a'.</msg>
<status status="PASS" starttime="20220623 12:20:06.302" endtime="20220623 12:20:18.545"/>
</kw>
<status status="PASS" starttime="20220623 12:20:06.302" endtime="20220623 12:20:18.545"/>
</kw>
<kw name="Check login page title Login - Bemol" library="ResourceTestBemol" sourcename="Check login page title ${TITULO1}">
<kw name="Check page title ${TITULO1}" library="ResourceTestBemol" sourcename="Check page title ${TITULO}">
<kw name="Title Should Be" library="SeleniumLibrary">
<arg>${TITULO}</arg>
<doc>Verifies that the current page title equals ``title``.</doc>
<msg timestamp="20220623 12:20:18.632" level="INFO">Page title is 'Login - Bemol'.</msg>
<status status="PASS" starttime="20220623 12:20:18.556" endtime="20220623 12:20:18.632"/>
</kw>
<status status="PASS" starttime="20220623 12:20:18.556" endtime="20220623 12:20:18.632"/>
</kw>
<status status="PASS" starttime="20220623 12:20:18.555" endtime="20220623 12:20:18.633"/>
</kw>
<kw name="Click on Faça cadastro" library="ResourceTestBemol">
<kw name="Click Element" library="SeleniumLibrary">
<arg>${BUTTON_REGISTER}</arg>
<doc>Click the element identified by ``locator``.</doc>
<msg timestamp="20220623 12:20:18.634" level="INFO">Clicking element 'xpath://*[@id="criarconta"]/div/div/div'.</msg>
<status status="PASS" starttime="20220623 12:20:18.634" endtime="20220623 12:20:21.703"/>
</kw>
<status status="PASS" starttime="20220623 12:20:18.633" endtime="20220623 12:20:21.703"/>
</kw>
<status status="PASS" starttime="20220623 12:20:06.301" endtime="20220623 12:20:21.705"/>
</test>
<test id="s1-t3" name="Test Case 03: Fill in the registration fields - Dados Pessoais">
<kw name="Check title of registration page Área do Cliente - Bemol" library="ResourceTestBemol" sourcename="Check title of registration page ${TITULO2}">
<kw name="Title Should Be" library="SeleniumLibrary">
<arg>${TITULO2}</arg>
<doc>Verifies that the current page title equals ``title``.</doc>
<msg timestamp="20220623 12:20:21.811" level="INFO">Page title is 'Área do Cliente - Bemol'.</msg>
<status status="PASS" starttime="20220623 12:20:21.711" endtime="20220623 12:20:21.812"/>
</kw>
<status status="PASS" starttime="20220623 12:20:21.710" endtime="20220623 12:20:21.812"/>
</kw>
<kw name="Enter the user's personal data" library="ResourceTestBemol">
<kw name="Click Element" library="SeleniumLibrary">
<arg>${ACCEPT_COOKIE}</arg>
<doc>Click the element identified by ``locator``.</doc>
<msg timestamp="20220623 12:20:21.819" level="INFO">Clicking element 'css: .btn-aceptar'.</msg>
<status status="PASS" starttime="20220623 12:20:21.818" endtime="20220623 12:20:21.996"/>
</kw>
<kw name="Input Text" library="SeleniumLibrary">
<arg>${FIELD_NAME}</arg>
<arg>${TEXT_NAME}</arg>
<doc>Types the given ``text`` into the text field identified by ``locator``.</doc>
<msg timestamp="20220623 12:20:21.997" level="INFO">Typing text 'Fernando Moura' into text field 'xpath://*[@id="AddOrSetCustomer-Name"]'.</msg>
<status status="PASS" starttime="20220623 12:20:21.996" endtime="20220623 12:20:22.326"/>
</kw>
<kw name="Input Text" library="SeleniumLibrary">
<arg>${FIELD_BIRTH_DATE}</arg>
<arg>${TEXT_BIRTH_DATE}</arg>
<doc>Types the given ``text`` into the text field identified by ``locator``.</doc>
<msg timestamp="20220623 12:20:22.327" level="INFO">Typing text '14061974' into text field 'xpath://*[@id="AddOrSetCustomer-BirthDate"]'.</msg>
<status status="PASS" starttime="20220623 12:20:22.326" endtime="20220623 12:20:22.494"/>
</kw>
<kw name="Click Element" library="SeleniumLibrary">
<arg>${SELECT_GENRE}</arg>
<doc>Click the element identified by ``locator``.</doc>
<msg timestamp="20220623 12:20:22.494" level="INFO">Clicking element 'id:AddOrSetCustomer-Gender'.</msg>
<status status="PASS" starttime="20220623 12:20:22.494" endtime="20220623 12:20:22.596"/>
</kw>
<kw name="Wait Until Element Is Visible" library="SeleniumLibrary">
<arg>${SELECT_GENRE}</arg>
<arg>5S</arg>
<doc>Waits until the element ``locator`` is visible.</doc>
<status status="PASS" starttime="20220623 12:20:22.597" endtime="20220623 12:20:22.633"/>
</kw>
<kw name="Select From List By Value" library="SeleniumLibrary">
<arg>${SELECT_GENRE}</arg>
<arg>M</arg>
<doc>Selects options from selection list ``locator`` by ``values``.</doc>
<msg timestamp="20220623 12:20:22.633" level="INFO">Selecting options from selection list 'id:AddOrSetCustomer-Gender' by value M.</msg>
<status status="PASS" starttime="20220623 12:20:22.633" endtime="20220623 12:20:22.742"/>
</kw>
<kw name="List Selection Should Be" library="SeleniumLibrary">
<arg>${SELECT_GENRE}</arg>
<arg>M</arg>
<doc>Verifies selection list ``locator`` has ``expected`` options selected.</doc>
<msg timestamp="20220623 12:20:22.743" level="INFO">Verifying list 'id:AddOrSetCustomer-Gender' has option [ M ] selected.</msg>
<msg timestamp="20220623 12:20:22.760" level="INFO">Current page contains list 'id:AddOrSetCustomer-Gender'.</msg>
<status status="PASS" starttime="20220623 12:20:22.742" endtime="20220623 12:20:23.045"/>
</kw>
<kw name="Input Text" library="SeleniumLibrary">
<arg>${FIELD_CPF}</arg>
<arg>${TEXT_CPF}</arg>
<doc>Types the given ``text`` into the text field identified by ``locator``.</doc>
<msg timestamp="20220623 12:20:23.046" level="INFO">Typing text '93943780228' into text field 'xpath://*[@id="AddOrSetCustomer-Cpf"]'.</msg>
<status status="PASS" starttime="20220623 12:20:23.046" endtime="20220623 12:20:23.203"/>
</kw>
<status status="PASS" starttime="20220623 12:20:21.817" endtime="20220623 12:20:23.203"/>
</kw>
<status status="PASS" starttime="20220623 12:20:21.709" endtime="20220623 12:20:23.204"/>
</test>
<test id="s1-t4" name="Test Case 04: Fill in the registration fields - Dados de entrega">
<kw name="Check if the page has Dados de entrega" library="ResourceTestBemol">
<kw name="Page Should Contain Element" library="SeleniumLibrary">
<arg>${TITLE3_DELIVERY_DATA}</arg>
<doc>Verifies that element ``locator`` is found on the current page.</doc>
<msg timestamp="20220623 12:20:23.228" level="INFO">Current page contains element 'xpath://*[@id="content-wrapper"]/div[1]/div/div/div/div/div[2]/form/div[2]/div'.</msg>
<status status="PASS" starttime="20220623 12:20:23.207" endtime="20220623 12:20:23.228"/>
</kw>
<status status="PASS" starttime="20220623 12:20:23.206" endtime="20220623 12:20:23.228"/>
</kw>
<kw name="Fill in user delivery data" library="ResourceTestBemol">
<kw name="Input Text" library="SeleniumLibrary">
<arg>${FIELD_IDENTIFICATION}</arg>
<arg>${TEXT_IDENTIFICATION}</arg>
<doc>Types the given ``text`` into the text field identified by ``locator``.</doc>
<msg timestamp="20220623 12:20:23.230" level="INFO">Typing text 'beco' into text field 'xpath://*[@id="AddOrSetAddress-0-Name"]'.</msg>
<status status="PASS" starttime="20220623 12:20:23.229" endtime="20220623 12:20:23.473"/>
</kw>
<kw name="Input Text" library="SeleniumLibrary">
<arg>${FIELD_CEP}</arg>
<arg>${TEXT_CEP}</arg>
<doc>Types the given ``text`` into the text field identified by ``locator``.</doc>
<msg timestamp="20220623 12:20:23.473" level="INFO">Typing text '69030190' into text field 'id:AddOrSetAddress-0-PostalCode'.</msg>
<status status="PASS" starttime="20220623 12:20:23.473" endtime="20220623 12:20:23.607"/>
</kw>
<kw name="Double Click Element" library="SeleniumLibrary">
<arg>${FIELD_ADDRESS}</arg>
<doc>Double clicks the element identified by ``locator``.</doc>
<msg timestamp="20220623 12:20:23.609" level="INFO">Double clicking element 'id:AddOrSetAddress-0-AddressLine'.</msg>
<status status="PASS" starttime="20220623 12:20:23.607" endtime="20220623 12:20:23.947"/>
</kw>
<kw name="Input Text" library="SeleniumLibrary">
<arg>${FIELD_NUMBER}</arg>
<arg>${TEXT_NUMBER}</arg>
<doc>Types the given ``text`` into the text field identified by ``locator``.</doc>
<msg timestamp="20220623 12:20:23.948" level="INFO">Typing text '792' into text field 'id:AddOrSetAddress-0-Number'.</msg>
<status status="PASS" starttime="20220623 12:20:23.947" endtime="20220623 12:20:24.107"/>
</kw>
<kw name="Input Text" library="SeleniumLibrary">
<arg>${FIELD_COMPLEMENT}</arg>
<arg>${TEXT_COMPLEMENT}</arg>
<doc>Types the given ``text`` into the text field identified by ``locator``.</doc>
<msg timestamp="20220623 12:20:24.109" level="INFO">Typing text 'Proximo a rua Flores' into text field 'id:AddOrSetAddress-0-AddressNotes'.</msg>
<status status="PASS" starttime="20220623 12:20:24.107" endtime="20220623 12:20:24.321"/>
</kw>
<kw name="Input Text" library="SeleniumLibrary">
<arg>${FIELD_REFERENCE}</arg>
<arg>${TEXT_REFERENCE}</arg>
<doc>Types the given ``text`` into the text field identified by ``locator``.</doc>
<msg timestamp="20220623 12:20:24.322" level="INFO">Typing text 'Mercado Vidal' into text field 'id:AddOrSetAddress-0-Landmark'.</msg>
<status status="PASS" starttime="20220623 12:20:24.321" endtime="20220623 12:20:24.526"/>
</kw>
<status status="PASS" starttime="20220623 12:20:23.229" endtime="20220623 12:20:24.526"/>
</kw>
<status status="PASS" starttime="20220623 12:20:23.205" endtime="20220623 12:20:24.527"/>
</test>
<test id="s1-t5" name="Test Case 05: Fill in the registration fields - Dados de contato">
<kw name="Check if the page has Dados de contato" library="ResourceTestBemol">
<kw name="Page Should Contain Element" library="SeleniumLibrary">
<arg>${TITLE4_CONTACT_DETAILS}</arg>
<doc>Verifies that element ``locator`` is found on the current page.</doc>
<msg timestamp="20220623 12:20:24.550" level="INFO">Current page contains element 'xpath://*[@id="content-wrapper"]/div[1]/div/div/div/div/div[2]/form/div[3]/div'.</msg>
<status status="PASS" starttime="20220623 12:20:24.530" endtime="20220623 12:20:24.550"/>
</kw>
<status status="PASS" starttime="20220623 12:20:24.529" endtime="20220623 12:20:24.550"/>
</kw>
<kw name="Fill in the user's contact details" library="ResourceTestBemol">
<kw name="Input Text" library="SeleniumLibrary">
<arg>${FIELD_CELL}</arg>
<arg>${TEXT_CELL}</arg>
<doc>Types the given ``text`` into the text field identified by ``locator``.</doc>
<msg timestamp="20220623 12:20:24.552" level="INFO">Typing text '92993949212' into text field 'id:AddOrSetCustomer-Contact-CellPhone'.</msg>
<status status="PASS" starttime="20220623 12:20:24.552" endtime="20220623 12:20:24.729"/>
</kw>
<status status="PASS" starttime="20220623 12:20:24.551" endtime="20220623 12:20:24.729"/>
</kw>
<status status="PASS" starttime="20220623 12:20:24.528" endtime="20220623 12:20:24.730"/>
</test>
<test id="s1-t6" name="Test Case 06: Fill in the registration fields - Dados da conta">
<kw name="Check if the page has Dados da conta" library="ResourceTestBemol">
<kw name="Page Should Contain Element" library="SeleniumLibrary">
<arg>${TILE5_CONTACT_DETAILS}</arg>
<doc>Verifies that element ``locator`` is found on the current page.</doc>
<msg timestamp="20220623 12:20:24.756" level="INFO">Current page contains element 'xpath://*[@id="content-wrapper"]/div[1]/div/div/div/div/div[2]/form/div[4]/div'.</msg>
<status status="PASS" starttime="20220623 12:20:24.733" endtime="20220623 12:20:24.756"/>
</kw>
<status status="PASS" starttime="20220623 12:20:24.733" endtime="20220623 12:20:24.757"/>
</kw>
<kw name="Fill in user account details" library="ResourceTestBemol">
<kw name="Input Text" library="SeleniumLibrary">
<arg>${FIELD_EMAIL}</arg>
<arg>${TEXT_EMAIL}</arg>
<doc>Types the given ``text`` into the text field identified by ``locator``.</doc>
<msg timestamp="20220623 12:20:24.758" level="INFO">Typing text 'fernandomoura9451@gmail.com' into text field 'id:AddOrSetCustomer-Email'.</msg>
<status status="PASS" starttime="20220623 12:20:24.758" endtime="20220623 12:20:25.016"/>
</kw>
<kw name="Input Password" library="SeleniumLibrary">
<arg>${FIELD_PASSWORD}</arg>
<arg>${TEXT_PASSWORD}</arg>
<doc>Types the given password into the text field identified by ``locator``.</doc>
<msg timestamp="20220623 12:20:25.016" level="INFO">Typing password into text field 'id:AddOrSetCustomer-Password'.</msg>
<msg timestamp="20220623 12:20:25.067" level="INFO">Temporally setting log level to: NONE</msg>
<msg timestamp="20220623 12:20:25.170" level="INFO">Log level changed from NONE to INFO.</msg>
<status status="PASS" starttime="20220623 12:20:25.016" endtime="20220623 12:20:25.170"/>
</kw>
<kw name="Input Password" library="SeleniumLibrary">
<arg>${REPEAT_TEXT_PASSWORD}</arg>
<arg>${TEXT_PASSWORD}</arg>
<doc>Types the given password into the text field identified by ``locator``.</doc>
<msg timestamp="20220623 12:20:25.171" level="INFO">Typing password into text field 'id:AddOrSetCustomer-Password-check'.</msg>
<msg timestamp="20220623 12:20:25.237" level="INFO">Temporally setting log level to: NONE</msg>
<msg timestamp="20220623 12:20:25.348" level="INFO">Log level changed from NONE to INFO.</msg>
<status status="PASS" starttime="20220623 12:20:25.170" endtime="20220623 12:20:25.348"/>
</kw>
<status status="PASS" starttime="20220623 12:20:24.757" endtime="20220623 12:20:25.349"/>
</kw>
<kw name="Click on register button" library="ResourceTestBemol">
<kw name="Wait Until Element Is Visible" library="SeleniumLibrary">
<arg>${BUTTON_REGISTER2}</arg>
<doc>Waits until the element ``locator`` is visible.</doc>
<status status="PASS" starttime="20220623 12:20:25.350" endtime="20220623 12:20:25.379"/>
</kw>
<kw name="Click Element" library="SeleniumLibrary">
<arg>${BUTTON_REGISTER2}</arg>
<doc>Click the element identified by ``locator``.</doc>
<msg timestamp="20220623 12:20:25.380" level="INFO">Clicking element 'css:.bt-submit'.</msg>
<status status="PASS" starttime="20220623 12:20:25.379" endtime="20220623 12:20:25.714"/>
</kw>
<status status="PASS" starttime="20220623 12:20:25.349" endtime="20220623 12:20:25.715"/>
</kw>
<status status="PASS" starttime="20220623 12:20:24.732" endtime="20220623 12:20:25.716"/>
</test>
<test id="s1-t7" name="Teste Case 07: Check success message">
<kw name="Check registration confirmation message" library="ResourceTestBemol">
<kw name="Wait Until Location Is" library="SeleniumLibrary">
<arg>${LOCATION_SUCCESS}</arg>
<doc>Waits until the current URL is ``expected``.</doc>
<msg timestamp="20220623 12:20:31.232" level="INFO" html="true">&lt;/td&gt;&lt;/tr&gt;&lt;tr&gt;&lt;td colspan="3"&gt;&lt;a href="selenium-screenshot-17.png"&gt;&lt;img src="selenium-screenshot-17.png" width="800px"&gt;&lt;/a&gt;</msg>
<msg timestamp="20220623 12:20:31.235" level="FAIL">Location did not become 'https://www.bemol.com.br/cadastro/sucesso' in 5 seconds.</msg>
<status status="FAIL" starttime="20220623 12:20:25.740" endtime="20220623 12:20:31.235"/>
</kw>
<status status="FAIL" starttime="20220623 12:20:25.740" endtime="20220623 12:20:31.237"/>
</kw>
<kw name="Close site" library="ResourceTestBemol">
<status status="NOT RUN" starttime="20220623 12:20:31.238" endtime="20220623 12:20:31.238"/>
</kw>
<status status="FAIL" starttime="20220623 12:20:25.738" endtime="20220623 12:20:31.239">Location did not become 'https://www.bemol.com.br/cadastro/sucesso' in 5 seconds.</status>
</test>
<test id="s1-t8" name="Test Case 08: Go to login page">
<kw name="Access Home page" library="ResourceTestBemol">
<kw name="Open Browser" library="SeleniumLibrary">
<arg>${URL}</arg>
<arg>${BROWSER}</arg>
<doc>Opens a new browser instance to the optional ``url``.</doc>
<msg timestamp="20220623 12:20:31.243" level="INFO">Opening browser 'chrome' to base url 'https://www.bemol.com.br/'.</msg>
<status status="PASS" starttime="20220623 12:20:31.243" endtime="20220623 12:20:54.403"/>
</kw>
<kw name="Maximize Browser Window" library="SeleniumLibrary">
<doc>Maximizes current browser window.</doc>
<status status="PASS" starttime="20220623 12:20:54.403" endtime="20220623 12:20:54.928"/>
</kw>
<status status="PASS" starttime="20220623 12:20:31.242" endtime="20220623 12:20:54.928"/>
</kw>
<kw name="Check page title Bemol | Escolha com Confiança" library="ResourceTestBemol" sourcename="Check page title ${TITULO}">
<kw name="Title Should Be" library="SeleniumLibrary">
<arg>${TITULO}</arg>
<doc>Verifies that the current page title equals ``title``.</doc>
<msg timestamp="20220623 12:20:55.159" level="INFO">Page title is 'Bemol | Escolha com Confiança'.</msg>
<status status="PASS" starttime="20220623 12:20:54.930" endtime="20220623 12:20:55.159"/>
</kw>
<status status="PASS" starttime="20220623 12:20:54.929" endtime="20220623 12:20:55.159"/>
</kw>
<kw name="Acess page Login" library="ResourceTestBemol">
<kw name="Click Element" library="SeleniumLibrary">
<arg>${BUTTON_LOGIN}</arg>
<doc>Click the element identified by ``locator``.</doc>
<msg timestamp="20220623 12:20:55.164" level="INFO">Clicking element 'xpath://*[@id="profile-orders-2"]/div[1]/a'.</msg>
<status status="PASS" starttime="20220623 12:20:55.164" endtime="20220623 12:21:05.771"/>
</kw>
<status status="PASS" starttime="20220623 12:20:55.163" endtime="20220623 12:21:05.772"/>
</kw>
<kw name="Check login page title Login - Bemol" library="ResourceTestBemol" sourcename="Check login page title ${TITULO1}">
<kw name="Check page title ${TITULO1}" library="ResourceTestBemol" sourcename="Check page title ${TITULO}">
<kw name="Title Should Be" library="SeleniumLibrary">
<arg>${TITULO}</arg>
<doc>Verifies that the current page title equals ``title``.</doc>
<msg timestamp="20220623 12:21:05.804" level="INFO">Page title is 'Login - Bemol'.</msg>
<status status="PASS" starttime="20220623 12:21:05.774" endtime="20220623 12:21:05.805"/>
</kw>
<status status="PASS" starttime="20220623 12:21:05.774" endtime="20220623 12:21:05.805"/>
</kw>
<status status="PASS" starttime="20220623 12:21:05.773" endtime="20220623 12:21:05.805"/>
</kw>
<status status="PASS" starttime="20220623 12:20:31.241" endtime="20220623 12:21:05.806"/>
</test>
<test id="s1-t9" name="Test Case 09: Login">
<kw name="Fill email and password" library="ResourceTestBemol">
<kw name="Input Text" library="SeleniumLibrary">
<arg>${EMAIL_LOGIN}</arg>
<arg>${TEXT_EMAIL_LOGIN}</arg>
<doc>Types the given ``text`` into the text field identified by ``locator``.</doc>
<msg timestamp="20220623 12:21:05.811" level="INFO">Typing text 'fernandomoura9451@gmail.com' into text field 'id:widget75-email'.</msg>
<status status="PASS" starttime="20220623 12:21:05.810" endtime="20220623 12:21:06.057"/>
</kw>
<kw name="Input Password" library="SeleniumLibrary">
<arg>${PASSWORD_LOGIN}</arg>
<arg>${TEXT_PASSWORD_LOGIN}</arg>
<doc>Types the given password into the text field identified by ``locator``.</doc>
<msg timestamp="20220623 12:21:06.058" level="INFO">Typing password into text field 'id:widget75-password'.</msg>
<msg timestamp="20220623 12:21:06.139" level="INFO">Temporally setting log level to: NONE</msg>
<msg timestamp="20220623 12:21:06.260" level="INFO">Log level changed from NONE to INFO.</msg>
<status status="PASS" starttime="20220623 12:21:06.057" endtime="20220623 12:21:06.261"/>
</kw>
<status status="PASS" starttime="20220623 12:21:05.809" endtime="20220623 12:21:06.261"/>
</kw>
<kw name="Click on the button Entrar" library="ResourceTestBemol">
<kw name="Click Button" library="SeleniumLibrary">
<arg>${BUTTON_ENTER}</arg>
<doc>Clicks the button identified by ``locator``.</doc>
<msg timestamp="20220623 12:21:06.263" level="INFO">Clicking button 'xpath://*[@id="widget75-submit"]'.</msg>
<status status="PASS" starttime="20220623 12:21:06.263" endtime="20220623 12:21:06.420"/>
</kw>
<status status="PASS" starttime="20220623 12:21:06.262" endtime="20220623 12:21:06.420"/>
</kw>
<kw name="Close site" library="ResourceTestBemol">
<kw name="Close Browser" library="SeleniumLibrary">
<doc>Closes the current browser.</doc>
<status status="PASS" starttime="20220623 12:21:06.421" endtime="20220623 12:21:08.920"/>
</kw>
<status status="PASS" starttime="20220623 12:21:06.421" endtime="20220623 12:21:08.921"/>
</kw>
<status status="PASS" starttime="20220623 12:21:05.808" endtime="20220623 12:21:08.921"/>
</test>
<status status="FAIL" starttime="20220623 12:19:52.186" endtime="20220623 12:21:08.924"/>
</suite>
<statistics>
<total>
<stat pass="8" fail="1" skip="0">All Tests</stat>
</total>
<tag>
</tag>
<suite>
<stat pass="8" fail="1" skip="0" id="s1" name="TestBemol">TestBemol</stat>
</suite>
</statistics>
<errors>
</errors>
</robot>
