<?xml version="1.0" encoding="UTF-8"?>
<robot generator="Robot 4.1.3 (Python 3.10.5 on win32)" generated="20220624 13:57:38.129" rpa="false" schemaversion="2">
<suite id="s1" name="TestBemol" source="C:\Robot_Framework\TestBemol_QA\TestBemol.robot">
<test id="s1-t1" name="Test Case 01: Access Site bemol">
<kw name="Access Home page" library="ResourceTestBemol">
<kw name="Open Browser" library="SeleniumLibrary">
<arg>${URL}</arg>
<arg>${BROWSER}</arg>
<doc>Opens a new browser instance to the optional ``url``.</doc>
<msg timestamp="20220624 13:57:38.607" level="INFO">Opening browser 'chrome' to base url 'https://www.bemol.com.br/'.</msg>
<status status="PASS" starttime="20220624 13:57:38.605" endtime="20220624 13:57:51.060"/>
</kw>
<kw name="Maximize Browser Window" library="SeleniumLibrary">
<doc>Maximizes current browser window.</doc>
<status status="PASS" starttime="20220624 13:57:51.061" endtime="20220624 13:57:51.569"/>
</kw>
<status status="PASS" starttime="20220624 13:57:38.605" endtime="20220624 13:57:51.570"/>
</kw>
<kw name="Check page title Bemol | Escolha com Confiança" library="ResourceTestBemol" sourcename="Check page title ${TITULO}">
<kw name="Title Should Be" library="SeleniumLibrary">
<arg>${TITULO}</arg>
<doc>Verifies that the current page title equals ``title``.</doc>
<msg timestamp="20220624 13:57:51.836" level="INFO">Page title is 'Bemol | Escolha com Confiança'.</msg>
<status status="PASS" starttime="20220624 13:57:51.572" endtime="20220624 13:57:51.837"/>
</kw>
<status status="PASS" starttime="20220624 13:57:51.571" endtime="20220624 13:57:51.837"/>
</kw>
<status status="PASS" starttime="20220624 13:57:38.603" endtime="20220624 13:57:51.841"/>
</test>
<test id="s1-t2" name="Test Case 02: Go to create account page">
<kw name="Acess page Login" library="ResourceTestBemol">
<kw name="Click Element" library="SeleniumLibrary">
<arg>${BUTTON_LOGIN}</arg>
<doc>Click the element identified by ``locator``.</doc>
<msg timestamp="20220624 13:57:51.847" level="INFO">Clicking element 'xpath://*[@id="profile-orders-2"]/div[1]/a'.</msg>
<status status="PASS" starttime="20220624 13:57:51.846" endtime="20220624 13:57:56.158"/>
</kw>
<status status="PASS" starttime="20220624 13:57:51.845" endtime="20220624 13:57:56.159"/>
</kw>
<kw name="Check login page title Login - Bemol" library="ResourceTestBemol" sourcename="Check login page title ${TITULO1}">
<kw name="Check page title ${TITULO1}" library="ResourceTestBemol" sourcename="Check page title ${TITULO}">
<kw name="Title Should Be" library="SeleniumLibrary">
<arg>${TITULO}</arg>
<doc>Verifies that the current page title equals ``title``.</doc>
<msg timestamp="20220624 13:57:56.168" level="INFO">Page title is 'Login - Bemol'.</msg>
<status status="PASS" starttime="20220624 13:57:56.162" endtime="20220624 13:57:56.168"/>
</kw>
<status status="PASS" starttime="20220624 13:57:56.161" endtime="20220624 13:57:56.168"/>
</kw>
<status status="PASS" starttime="20220624 13:57:56.160" endtime="20220624 13:57:56.168"/>
</kw>
<kw name="Click on Faça cadastro" library="ResourceTestBemol">
<kw name="Click Element" library="SeleniumLibrary">
<arg>${BUTTON_REGISTER}</arg>
<doc>Click the element identified by ``locator``.</doc>
<msg timestamp="20220624 13:57:56.171" level="INFO">Clicking element 'xpath://*[@id="criarconta"]/div/div/div'.</msg>
<status status="PASS" starttime="20220624 13:57:56.171" endtime="20220624 13:57:58.635"/>
</kw>
<status status="PASS" starttime="20220624 13:57:56.169" endtime="20220624 13:57:58.636"/>
</kw>
<status status="PASS" starttime="20220624 13:57:51.844" endtime="20220624 13:57:58.637"/>
</test>
<test id="s1-t3" name="Test Case 03: Fill in the registration fields - Dados Pessoais">
<kw name="Check title of registration page Área do Cliente - Bemol" library="ResourceTestBemol" sourcename="Check title of registration page ${TITULO2}">
<kw name="Title Should Be" library="SeleniumLibrary">
<arg>${TITULO2}</arg>
<doc>Verifies that the current page title equals ``title``.</doc>
<msg timestamp="20220624 13:57:58.685" level="INFO">Page title is 'Área do Cliente - Bemol'.</msg>
<status status="PASS" starttime="20220624 13:57:58.642" endtime="20220624 13:57:58.685"/>
</kw>
<status status="PASS" starttime="20220624 13:57:58.641" endtime="20220624 13:57:58.685"/>
</kw>
<kw name="Enter the user's personal data" library="ResourceTestBemol">
<kw name="Click Element" library="SeleniumLibrary">
<arg>${ACCEPT_COOKIE}</arg>
<doc>Click the element identified by ``locator``.</doc>
<msg timestamp="20220624 13:57:58.687" level="INFO">Clicking element 'css: .btn-aceptar'.</msg>
<status status="PASS" starttime="20220624 13:57:58.686" endtime="20220624 13:57:58.854"/>
</kw>
<kw name="Input Text" library="SeleniumLibrary">
<arg>${FIELD_NAME}</arg>
<arg>${TEXT_NAME}</arg>
<doc>Types the given ``text`` into the text field identified by ``locator``.</doc>
<msg timestamp="20220624 13:57:58.862" level="INFO">Typing text 'Fernando Moura' into text field 'xpath://*[@id="AddOrSetCustomer-Name"]'.</msg>
<status status="PASS" starttime="20220624 13:57:58.854" endtime="20220624 13:57:59.172"/>
</kw>
<kw name="Input Text" library="SeleniumLibrary">
<arg>${FIELD_BIRTH_DATE}</arg>
<arg>${TEXT_BIRTH_DATE}</arg>
<doc>Types the given ``text`` into the text field identified by ``locator``.</doc>
<msg timestamp="20220624 13:57:59.173" level="INFO">Typing text '14061974' into text field 'xpath://*[@id="AddOrSetCustomer-BirthDate"]'.</msg>
<status status="PASS" starttime="20220624 13:57:59.172" endtime="20220624 13:57:59.340"/>
</kw>
<kw name="Click Element" library="SeleniumLibrary">
<arg>${SELECT_GENRE}</arg>
<doc>Click the element identified by ``locator``.</doc>
<msg timestamp="20220624 13:57:59.341" level="INFO">Clicking element 'id:AddOrSetCustomer-Gender'.</msg>
<status status="PASS" starttime="20220624 13:57:59.340" endtime="20220624 13:57:59.464"/>
</kw>
<kw name="Wait Until Element Is Visible" library="SeleniumLibrary">
<arg>${SELECT_GENRE}</arg>
<arg>5S</arg>
<doc>Waits until the element ``locator`` is visible.</doc>
<status status="PASS" starttime="20220624 13:57:59.465" endtime="20220624 13:57:59.618"/>
</kw>
<kw name="Select From List By Value" library="SeleniumLibrary">
<arg>${SELECT_GENRE}</arg>
<arg>${TYPE_GENRE}</arg>
<doc>Selects options from selection list ``locator`` by ``values``.</doc>
<msg timestamp="20220624 13:57:59.618" level="INFO">Selecting options from selection list 'id:AddOrSetCustomer-Gender' by value M.</msg>
<status status="PASS" starttime="20220624 13:57:59.618" endtime="20220624 13:57:59.737"/>
</kw>
<kw name="List Selection Should Be" library="SeleniumLibrary">
<arg>${SELECT_GENRE}</arg>
<arg>${TYPE_GENRE}</arg>
<doc>Verifies selection list ``locator`` has ``expected`` options selected.</doc>
<msg timestamp="20220624 13:57:59.738" level="INFO">Verifying list 'id:AddOrSetCustomer-Gender' has option [ M ] selected.</msg>
<msg timestamp="20220624 13:57:59.784" level="INFO">Current page contains list 'id:AddOrSetCustomer-Gender'.</msg>
<status status="PASS" starttime="20220624 13:57:59.737" endtime="20220624 13:57:59.907"/>
</kw>
<kw name="Input Text" library="SeleniumLibrary">
<arg>${FIELD_CPF}</arg>
<arg>${TEXT_CPF}</arg>
<doc>Types the given ``text`` into the text field identified by ``locator``.</doc>
<msg timestamp="20220624 13:57:59.909" level="INFO">Typing text '46217182238' into text field 'xpath://*[@id="AddOrSetCustomer-Cpf"]'.</msg>
<status status="PASS" starttime="20220624 13:57:59.908" endtime="20220624 13:58:00.102"/>
</kw>
<status status="PASS" starttime="20220624 13:57:58.686" endtime="20220624 13:58:00.102"/>
</kw>
<status status="PASS" starttime="20220624 13:57:58.639" endtime="20220624 13:58:00.103"/>
</test>
<test id="s1-t4" name="Test Case 04: Fill in the registration fields - Dados de entrega">
<kw name="Check if the page has Dados de entrega" library="ResourceTestBemol">
<kw name="Page Should Contain Element" library="SeleniumLibrary">
<arg>${TITLE3_DELIVERY_DATA}</arg>
<doc>Verifies that element ``locator`` is found on the current page.</doc>
<msg timestamp="20220624 13:58:00.126" level="INFO">Current page contains element 'xpath://*[@id="content-wrapper"]/div[1]/div/div/div/div/div[2]/form/div[2]/div'.</msg>
<status status="PASS" starttime="20220624 13:58:00.107" endtime="20220624 13:58:00.127"/>
</kw>
<status status="PASS" starttime="20220624 13:58:00.106" endtime="20220624 13:58:00.127"/>
</kw>
<kw name="Fill in user delivery data" library="ResourceTestBemol">
<kw name="Input Text" library="SeleniumLibrary">
<arg>${FIELD_IDENTIFICATION}</arg>
<arg>${TEXT_IDENTIFICATION}</arg>
<doc>Types the given ``text`` into the text field identified by ``locator``.</doc>
<msg timestamp="20220624 13:58:00.128" level="INFO">Typing text 'beco' into text field 'xpath://*[@id="AddOrSetAddress-0-Name"]'.</msg>
<status status="PASS" starttime="20220624 13:58:00.128" endtime="20220624 13:58:00.291"/>
</kw>
<kw name="Input Text" library="SeleniumLibrary">
<arg>${FIELD_CEP}</arg>
<arg>${TEXT_CEP}</arg>
<doc>Types the given ``text`` into the text field identified by ``locator``.</doc>
<msg timestamp="20220624 13:58:00.292" level="INFO">Typing text '69030190' into text field 'id:AddOrSetAddress-0-PostalCode'.</msg>
<status status="PASS" starttime="20220624 13:58:00.292" endtime="20220624 13:58:00.453"/>
</kw>
<kw name="Double Click Element" library="SeleniumLibrary">
<arg>${FIELD_ADDRESS}</arg>
<doc>Double clicks the element identified by ``locator``.</doc>
<msg timestamp="20220624 13:58:00.454" level="INFO">Double clicking element 'id:AddOrSetAddress-0-AddressLine'.</msg>
<status status="PASS" starttime="20220624 13:58:00.454" endtime="20220624 13:58:00.883"/>
</kw>
<kw name="Input Text" library="SeleniumLibrary">
<arg>${FIELD_NUMBER}</arg>
<arg>${TEXT_NUMBER}</arg>
<doc>Types the given ``text`` into the text field identified by ``locator``.</doc>
<msg timestamp="20220624 13:58:00.883" level="INFO">Typing text '792' into text field 'id:AddOrSetAddress-0-Number'.</msg>
<status status="PASS" starttime="20220624 13:58:00.883" endtime="20220624 13:58:01.102"/>
</kw>
<kw name="Input Text" library="SeleniumLibrary">
<arg>${FIELD_COMPLEMENT}</arg>
<arg>${TEXT_COMPLEMENT}</arg>
<doc>Types the given ``text`` into the text field identified by ``locator``.</doc>
<msg timestamp="20220624 13:58:01.104" level="INFO">Typing text 'Proximo a rua Flores' into text field 'id:AddOrSetAddress-0-AddressNotes'.</msg>
<status status="PASS" starttime="20220624 13:58:01.103" endtime="20220624 13:58:01.335"/>
</kw>
<kw name="Input Text" library="SeleniumLibrary">
<arg>${FIELD_REFERENCE}</arg>
<arg>${TEXT_REFERENCE}</arg>
<doc>Types the given ``text`` into the text field identified by ``locator``.</doc>
<msg timestamp="20220624 13:58:01.335" level="INFO">Typing text 'Mercado Vidal' into text field 'id:AddOrSetAddress-0-Landmark'.</msg>
<status status="PASS" starttime="20220624 13:58:01.335" endtime="20220624 13:58:01.516"/>
</kw>
<status status="PASS" starttime="20220624 13:58:00.127" endtime="20220624 13:58:01.516"/>
</kw>
<status status="PASS" starttime="20220624 13:58:00.105" endtime="20220624 13:58:01.517"/>
</test>
<test id="s1-t5" name="Test Case 05: Fill in the registration fields - Dados de contato">
<kw name="Check if the page has Dados de contato" library="ResourceTestBemol">
<kw name="Page Should Contain Element" library="SeleniumLibrary">
<arg>${TITLE4_CONTACT_DETAILS}</arg>
<doc>Verifies that element ``locator`` is found on the current page.</doc>
<msg timestamp="20220624 13:58:01.547" level="INFO">Current page contains element 'xpath://*[@id="content-wrapper"]/div[1]/div/div/div/div/div[2]/form/div[3]/div'.</msg>
<status status="PASS" starttime="20220624 13:58:01.520" endtime="20220624 13:58:01.547"/>
</kw>
<status status="PASS" starttime="20220624 13:58:01.520" endtime="20220624 13:58:01.547"/>
</kw>
<kw name="Fill in the user's contact details" library="ResourceTestBemol">
<kw name="Input Text" library="SeleniumLibrary">
<arg>${FIELD_CELL}</arg>
<arg>${TEXT_CELL}</arg>
<doc>Types the given ``text`` into the text field identified by ``locator``.</doc>
<msg timestamp="20220624 13:58:01.549" level="INFO">Typing text '92993949212' into text field 'id:AddOrSetCustomer-Contact-CellPhone'.</msg>
<status status="PASS" starttime="20220624 13:58:01.549" endtime="20220624 13:58:01.704"/>
</kw>
<status status="PASS" starttime="20220624 13:58:01.548" endtime="20220624 13:58:01.705"/>
</kw>
<status status="PASS" starttime="20220624 13:58:01.519" endtime="20220624 13:58:01.706"/>
</test>
<test id="s1-t6" name="Test Case 06: Fill in the registration fields - Dados da conta">
<kw name="Check if the page has Dados da conta" library="ResourceTestBemol">
<kw name="Page Should Contain Element" library="SeleniumLibrary">
<arg>${TILE5_CONTACT_DETAILS}</arg>
<doc>Verifies that element ``locator`` is found on the current page.</doc>
<msg timestamp="20220624 13:58:01.732" level="INFO">Current page contains element 'xpath://*[@id="content-wrapper"]/div[1]/div/div/div/div/div[2]/form/div[4]/div'.</msg>
<status status="PASS" starttime="20220624 13:58:01.712" endtime="20220624 13:58:01.732"/>
</kw>
<status status="PASS" starttime="20220624 13:58:01.711" endtime="20220624 13:58:01.733"/>
</kw>
<kw name="Fill in user account details" library="ResourceTestBemol">
<kw name="Input Text" library="SeleniumLibrary">
<arg>${FIELD_EMAIL}</arg>
<arg>${TEXT_EMAIL}</arg>
<doc>Types the given ``text`` into the text field identified by ``locator``.</doc>
<msg timestamp="20220624 13:58:01.735" level="INFO">Typing text 'fernando.moura9451@gmail.com' into text field 'id:AddOrSetCustomer-Email'.</msg>
<status status="PASS" starttime="20220624 13:58:01.734" endtime="20220624 13:58:02.079"/>
</kw>
<kw name="Input Password" library="SeleniumLibrary">
<arg>${FIELD_PASSWORD}</arg>
<arg>${TEXT_PASSWORD}</arg>
<doc>Types the given password into the text field identified by ``locator``.</doc>
<msg timestamp="20220624 13:58:02.079" level="INFO">Typing password into text field 'id:AddOrSetCustomer-Password'.</msg>
<msg timestamp="20220624 13:58:02.249" level="INFO">Temporally setting log level to: NONE</msg>
<msg timestamp="20220624 13:58:02.458" level="INFO">Log level changed from NONE to INFO.</msg>
<status status="PASS" starttime="20220624 13:58:02.079" endtime="20220624 13:58:02.458"/>
</kw>
<kw name="Input Password" library="SeleniumLibrary">
<arg>${REPEAT_TEXT_PASSWORD}</arg>
<arg>${TEXT_PASSWORD}</arg>
<doc>Types the given password into the text field identified by ``locator``.</doc>
<msg timestamp="20220624 13:58:02.459" level="INFO">Typing password into text field 'id:AddOrSetCustomer-Password-check'.</msg>
<msg timestamp="20220624 13:58:02.657" level="INFO">Temporally setting log level to: NONE</msg>
<msg timestamp="20220624 13:58:02.868" level="INFO">Log level changed from NONE to INFO.</msg>
<status status="PASS" starttime="20220624 13:58:02.458" endtime="20220624 13:58:02.869"/>
</kw>
<status status="PASS" starttime="20220624 13:58:01.734" endtime="20220624 13:58:02.869"/>
</kw>
<kw name="Click on register button" library="ResourceTestBemol">
<kw name="Wait Until Element Is Visible" library="SeleniumLibrary">
<arg>${BUTTON_REGISTER2}</arg>
<doc>Waits until the element ``locator`` is visible.</doc>
<status status="PASS" starttime="20220624 13:58:02.871" endtime="20220624 13:58:03.004"/>
</kw>
<kw name="Click Element" library="SeleniumLibrary">
<arg>${BUTTON_REGISTER2}</arg>
<doc>Click the element identified by ``locator``.</doc>
<msg timestamp="20220624 13:58:03.005" level="INFO">Clicking element 'css:.bt-submit'.</msg>
<status status="PASS" starttime="20220624 13:58:03.005" endtime="20220624 13:58:03.461"/>
</kw>
<status status="PASS" starttime="20220624 13:58:02.870" endtime="20220624 13:58:03.461"/>
</kw>
<kw name="Check if there is no visible error message" library="ResourceTestBemol">
<kw name="Element Should Not Be Visible" library="SeleniumLibrary">
<arg>${ERROR_NAME}</arg>
<doc>Verifies that the element identified by ``locator`` is NOT visible.</doc>
<msg timestamp="20220624 13:58:03.498" level="INFO">Element 'id:AddOrSetCustomer-Name-error' did not exist.</msg>
<status status="PASS" starttime="20220624 13:58:03.463" endtime="20220624 13:58:03.499"/>
</kw>
<kw name="Element Should Not Be Visible" library="SeleniumLibrary">
<arg>${ERROR_BIRTH_DATE}</arg>
<doc>Verifies that the element identified by ``locator`` is NOT visible.</doc>
<msg timestamp="20220624 13:58:03.948" level="INFO" html="true">&lt;/td&gt;&lt;/tr&gt;&lt;tr&gt;&lt;td colspan="3"&gt;&lt;a href="selenium-screenshot-61.png"&gt;&lt;img src="selenium-screenshot-61.png" width="800px"&gt;&lt;/a&gt;</msg>
<msg timestamp="20220624 13:58:03.952" level="FAIL">The element 'id:AddOrSetCustomer-BirthDate-error' should not be visible, but it is.</msg>
<status status="FAIL" starttime="20220624 13:58:03.499" endtime="20220624 13:58:03.952"/>
</kw>
<kw name="Element Should Not Be Visible" library="SeleniumLibrary">
<arg>${ERROR_CPF}</arg>
<doc>Verifies that the element identified by ``locator`` is NOT visible.</doc>
<status status="NOT RUN" starttime="20220624 13:58:03.952" endtime="20220624 13:58:03.952"/>
</kw>
<kw name="Element Should Not Be Visible" library="SeleniumLibrary">
<arg>${ERROR_CEP}</arg>
<doc>Verifies that the element identified by ``locator`` is NOT visible.</doc>
<status status="NOT RUN" starttime="20220624 13:58:03.953" endtime="20220624 13:58:03.953"/>
</kw>
<kw name="Element Should Not Be Visible" library="SeleniumLibrary">
<arg>${ERROR_ADDRESS}</arg>
<doc>Verifies that the element identified by ``locator`` is NOT visible.</doc>
<status status="NOT RUN" starttime="20220624 13:58:03.953" endtime="20220624 13:58:03.953"/>
</kw>
<kw name="Element Should Not Be Visible" library="SeleniumLibrary">
<arg>${ERROR_NUMBER}</arg>
<doc>Verifies that the element identified by ``locator`` is NOT visible.</doc>
<status status="NOT RUN" starttime="20220624 13:58:03.953" endtime="20220624 13:58:03.953"/>
</kw>
<kw name="Element Should Not Be Visible" library="SeleniumLibrary">
<arg>${ERROR_COMPLEMENT}</arg>
<doc>Verifies that the element identified by ``locator`` is NOT visible.</doc>
<status status="NOT RUN" starttime="20220624 13:58:03.953" endtime="20220624 13:58:03.953"/>
</kw>
<kw name="Element Should Not Be Visible" library="SeleniumLibrary">
<arg>${ERROR_REFERENCE}</arg>
<doc>Verifies that the element identified by ``locator`` is NOT visible.</doc>
<status status="NOT RUN" starttime="20220624 13:58:03.953" endtime="20220624 13:58:03.953"/>
</kw>
<kw name="Element Should Not Be Visible" library="SeleniumLibrary">
<arg>${ERROR_CELL}</arg>
<doc>Verifies that the element identified by ``locator`` is NOT visible.</doc>
<status status="NOT RUN" starttime="20220624 13:58:03.954" endtime="20220624 13:58:03.954"/>
</kw>
<kw name="Element Should Not Be Visible" library="SeleniumLibrary">
<arg>${ERROR_EMAIL}</arg>
<doc>Verifies that the element identified by ``locator`` is NOT visible.</doc>
<status status="NOT RUN" starttime="20220624 13:58:03.954" endtime="20220624 13:58:03.954"/>
</kw>
<kw name="Element Should Not Be Visible" library="SeleniumLibrary">
<arg>${ERROR_PASSWORD}</arg>
<doc>Verifies that the element identified by ``locator`` is NOT visible.</doc>
<status status="NOT RUN" starttime="20220624 13:58:03.954" endtime="20220624 13:58:03.954"/>
</kw>
<kw name="Element Should Not Be Visible" library="SeleniumLibrary">
<arg>${ERROR_REPEAT_PASSWORD}</arg>
<doc>Verifies that the element identified by ``locator`` is NOT visible.</doc>
<status status="NOT RUN" starttime="20220624 13:58:03.954" endtime="20220624 13:58:03.954"/>
</kw>
<kw name="Element Should Not Be Visible" library="SeleniumLibrary">
<arg>${ERROR_CPF_ALERT}</arg>
<doc>Verifies that the element identified by ``locator`` is NOT visible.</doc>
<status status="NOT RUN" starttime="20220624 13:58:03.954" endtime="20220624 13:58:03.955"/>
</kw>
<status status="FAIL" starttime="20220624 13:58:03.462" endtime="20220624 13:58:03.955"/>
</kw>
<status status="FAIL" starttime="20220624 13:58:01.708" endtime="20220624 13:58:03.956">The element 'id:AddOrSetCustomer-BirthDate-error' should not be visible, but it is.</status>
</test>
<test id="s1-t7" name="Teste Case 07: Check success message">
<kw name="Check registration confirmation message" library="ResourceTestBemol">
<kw name="Wait Until Location Is" library="SeleniumLibrary">
<arg>${LOCATION_SUCCESS}</arg>
<doc>Waits until the current URL is ``expected``.</doc>
<msg timestamp="20220624 13:58:09.308" level="INFO" html="true">&lt;/td&gt;&lt;/tr&gt;&lt;tr&gt;&lt;td colspan="3"&gt;&lt;a href="selenium-screenshot-62.png"&gt;&lt;img src="selenium-screenshot-62.png" width="800px"&gt;&lt;/a&gt;</msg>
<msg timestamp="20220624 13:58:09.310" level="FAIL">Location did not become 'https://www.bemol.com.br/cadastro/sucesso' in 5 seconds.</msg>
<status status="FAIL" starttime="20220624 13:58:03.960" endtime="20220624 13:58:09.310"/>
</kw>
<status status="FAIL" starttime="20220624 13:58:03.960" endtime="20220624 13:58:09.311"/>
</kw>
<kw name="Close site" library="ResourceTestBemol">
<status status="NOT RUN" starttime="20220624 13:58:09.312" endtime="20220624 13:58:09.312"/>
</kw>
<status status="FAIL" starttime="20220624 13:58:03.959" endtime="20220624 13:58:09.313">Location did not become 'https://www.bemol.com.br/cadastro/sucesso' in 5 seconds.</status>
</test>
<test id="s1-t8" name="Test Case 08: Go to login page">
<kw name="Access Home page" library="ResourceTestBemol">
<kw name="Open Browser" library="SeleniumLibrary">
<arg>${URL}</arg>
<arg>${BROWSER}</arg>
<doc>Opens a new browser instance to the optional ``url``.</doc>
<msg timestamp="20220624 13:58:09.318" level="INFO">Opening browser 'chrome' to base url 'https://www.bemol.com.br/'.</msg>
<status status="PASS" starttime="20220624 13:58:09.317" endtime="20220624 13:58:26.048"/>
</kw>
<kw name="Maximize Browser Window" library="SeleniumLibrary">
<doc>Maximizes current browser window.</doc>
<status status="PASS" starttime="20220624 13:58:26.048" endtime="20220624 13:58:26.586"/>
</kw>
<status status="PASS" starttime="20220624 13:58:09.316" endtime="20220624 13:58:26.587"/>
</kw>
<kw name="Check page title Bemol | Escolha com Confiança" library="ResourceTestBemol" sourcename="Check page title ${TITULO}">
<kw name="Title Should Be" library="SeleniumLibrary">
<arg>${TITULO}</arg>
<doc>Verifies that the current page title equals ``title``.</doc>
<msg timestamp="20220624 13:58:26.773" level="INFO">Page title is 'Bemol | Escolha com Confiança'.</msg>
<status status="PASS" starttime="20220624 13:58:26.591" endtime="20220624 13:58:26.773"/>
</kw>
<status status="PASS" starttime="20220624 13:58:26.590" endtime="20220624 13:58:26.774"/>
</kw>
<kw name="Acess page Login" library="ResourceTestBemol">
<kw name="Click Element" library="SeleniumLibrary">
<arg>${BUTTON_LOGIN}</arg>
<doc>Click the element identified by ``locator``.</doc>
<msg timestamp="20220624 13:58:26.776" level="INFO">Clicking element 'xpath://*[@id="profile-orders-2"]/div[1]/a'.</msg>
<status status="PASS" starttime="20220624 13:58:26.775" endtime="20220624 13:58:34.486"/>
</kw>
<status status="PASS" starttime="20220624 13:58:26.774" endtime="20220624 13:58:34.487"/>
</kw>
<kw name="Check login page title Login - Bemol" library="ResourceTestBemol" sourcename="Check login page title ${TITULO1}">
<kw name="Check page title ${TITULO1}" library="ResourceTestBemol" sourcename="Check page title ${TITULO}">
<kw name="Title Should Be" library="SeleniumLibrary">
<arg>${TITULO}</arg>
<doc>Verifies that the current page title equals ``title``.</doc>
<msg timestamp="20220624 13:58:34.501" level="INFO">Page title is 'Login - Bemol'.</msg>
<status status="PASS" starttime="20220624 13:58:34.494" endtime="20220624 13:58:34.501"/>
</kw>
<status status="PASS" starttime="20220624 13:58:34.492" endtime="20220624 13:58:34.502"/>
</kw>
<status status="PASS" starttime="20220624 13:58:34.491" endtime="20220624 13:58:34.502"/>
</kw>
<status status="PASS" starttime="20220624 13:58:09.315" endtime="20220624 13:58:34.503"/>
</test>
<test id="s1-t9" name="Test Case 09: Login">
<kw name="Fill email and password" library="ResourceTestBemol">
<kw name="Input Text" library="SeleniumLibrary">
<arg>${EMAIL_LOGIN}</arg>
<arg>${TEXT_EMAIL_LOGIN}</arg>
<doc>Types the given ``text`` into the text field identified by ``locator``.</doc>
<msg timestamp="20220624 13:58:34.508" level="INFO">Typing text 'carine.santa_maria@hotmail.com' into text field 'id:widget75-email'.</msg>
<status status="PASS" starttime="20220624 13:58:34.507" endtime="20220624 13:58:34.805"/>
</kw>
<kw name="Input Password" library="SeleniumLibrary">
<arg>${PASSWORD_LOGIN}</arg>
<arg>${TEXT_PASSWORD_LOGIN}</arg>
<doc>Types the given password into the text field identified by ``locator``.</doc>
<msg timestamp="20220624 13:58:34.806" level="INFO">Typing password into text field 'id:widget75-password'.</msg>
<msg timestamp="20220624 13:58:34.902" level="INFO">Temporally setting log level to: NONE</msg>
<msg timestamp="20220624 13:58:35.015" level="INFO">Log level changed from NONE to INFO.</msg>
<status status="PASS" starttime="20220624 13:58:34.805" endtime="20220624 13:58:35.015"/>
</kw>
<status status="PASS" starttime="20220624 13:58:34.506" endtime="20220624 13:58:35.016"/>
</kw>
<kw name="Click on the button Entrar" library="ResourceTestBemol">
<kw name="Click Button" library="SeleniumLibrary">
<arg>${BUTTON_ENTER}</arg>
<doc>Clicks the button identified by ``locator``.</doc>
<msg timestamp="20220624 13:58:35.018" level="INFO">Clicking button 'xpath://*[@id="widget75-submit"]'.</msg>
<status status="PASS" starttime="20220624 13:58:35.017" endtime="20220624 13:58:35.187"/>
</kw>
<status status="PASS" starttime="20220624 13:58:35.016" endtime="20220624 13:58:35.188"/>
</kw>
<kw name="Check if there is no visible error message login" library="ResourceTestBemol">
<kw name="Element Should Not Be Visible" library="SeleniumLibrary">
<arg>${ERROR_EMAIL_LOGIN}</arg>
<doc>Verifies that the element identified by ``locator`` is NOT visible.</doc>
<msg timestamp="20220624 13:58:35.346" level="INFO">Element 'id:widget75-email-error' did not exist.</msg>
<status status="PASS" starttime="20220624 13:58:35.190" endtime="20220624 13:58:35.346"/>
</kw>
<kw name="Element Should Not Be Visible" library="SeleniumLibrary">
<arg>${ERROR_PASSWORD_LOGIN}</arg>
<doc>Verifies that the element identified by ``locator`` is NOT visible.</doc>
<msg timestamp="20220624 13:58:35.425" level="INFO">Element 'css:.the-modal-container' exists but is not displayed.</msg>
<status status="PASS" starttime="20220624 13:58:35.346" endtime="20220624 13:58:35.425"/>
</kw>
<status status="PASS" starttime="20220624 13:58:35.190" endtime="20220624 13:58:35.426"/>
</kw>
<status status="PASS" starttime="20220624 13:58:34.505" endtime="20220624 13:58:35.427"/>
</test>
<test id="s1-t10" name="Test Case 10: Check login success message">
<kw name="Check login confirmation" library="ResourceTestBemol">
<kw name="Wait Until Element Is Visible" library="SeleniumLibrary">
<arg>${USER}</arg>
<doc>Waits until the element ``locator`` is visible.</doc>
<status status="PASS" starttime="20220624 13:58:35.430" endtime="20220624 13:58:43.140"/>
</kw>
<status status="PASS" starttime="20220624 13:58:35.429" endtime="20220624 13:58:43.141"/>
</kw>
<status status="PASS" starttime="20220624 13:58:35.428" endtime="20220624 13:58:43.142"/>
</test>
<status status="FAIL" starttime="20220624 13:57:38.132" endtime="20220624 13:58:43.145"/>
</suite>
<statistics>
<total>
<stat pass="8" fail="2" skip="0">All Tests</stat>
</total>
<tag>
</tag>
<suite>
<stat pass="8" fail="2" skip="0" id="s1" name="TestBemol">TestBemol</stat>
</suite>
</statistics>
<errors>
</errors>
</robot>
